<?xml version="1.0" encoding="UTF-8"?>
<testsuite name="WizardTD.Testboard" tests="10" skipped="0" failures="0" errors="0" timestamp="2023-12-01T12:41:41" hostname="DESKTOP-423AILK" time="6.456">
  <properties/>
  <testcase name="testtowerlevelup()" classname="WizardTD.Testboard" time="0.199"/>
  <testcase name="testwavemanage()" classname="WizardTD.Testboard" time="0.113"/>
  <testcase name="testApp()" classname="WizardTD.Testboard" time="0.441"/>
  <testcase name="testmap()" classname="WizardTD.Testboard" time="0.036"/>
  <testcase name="testdraw()" classname="WizardTD.Testboard" time="5.392"/>
  <testcase name="testwave()" classname="WizardTD.Testboard" time="0.023"/>
  <testcase name="testUI()" classname="WizardTD.Testboard" time="0.043"/>
  <testcase name="testmonster()" classname="WizardTD.Testboard" time="0.114"/>
  <testcase name="testtowerandfireballs()" classname="WizardTD.Testboard" time="0.028"/>
  <testcase name="testbuildtower()" classname="WizardTD.Testboard" time="0.045"/>
  <system-out><![CDATA[200.0
200.0
180.0
160.0
damage level up
202.2
2000.0
1980.0
1960.0
damage level up
2000.0
1970.0
1940.0
damage level up
2000.0
1960.0
1920.0
damage level up
2000.0
1950.0
1900.0
damage level up
200.0
-800.0
-800.0
-800.0
-800.0
-800.0
-800.0
-800.0
-800.0
-800.0
-800.0
-800.0
-800.0
-800.0
-800.0
-800.0
-800.0
-800.0
-800.0
-800.0
false
-800.0
-800.0
-800.0
-800.0
-800.0
-800.0
-800.0
-800.0
-800.0
-800.0
-800.0
-800.0
200.0
-300.0
-300.0
-300.0
-300.0
-300.0
-300.0
-300.0
-300.0
-300.0
-300.0
-300.0
-300.0
-300.0
-300.0
-300.0
-300.0
-300.0
-300.0
-300.0
-300.0
-300.0
-300.0
-300.0
-300.0
-300.0
-300.0
-300.0
-300.0
-300.0
-300.0
-300.0
-300.0
-300.0
-300.0
-300.0
-300.0
-300.0
-300.0
-300.0
-300.0
-300.0
-300.0
-300.0
-300.0
-300.0
-300.0
-300.0
-300.0
-300.0
-300.0
-300.0
-300.0
-300.0
-300.0
-300.0
-300.0
-300.0
-300.0
-300.0
-300.0
-300.0
-300.0
-300.0
-300.0
-300.0
-300.0
-300.0
-300.0
-300.0
-300.0
-300.0
-300.0
-800.0
-300.0
-300.0
-300.0
-300.0
-300.0
-300.0
-300.0
-300.0
-300.0
-300.0
-300.0
-300.0
-300.0
-300.0
-300.0
-300.0
-300.0
-300.0
-300.0
-300.0
-300.0
-300.0
-300.0
-300.0
-300.0
-300.0
-300.0
-300.0
-300.0
-300.0
-300.0
-300.0
-300.0
-300.0
-300.0
-300.0
-300.0
-300.0
-300.0
-300.0
-300.0
-300.0
-300.0
-300.0
-300.0
-300.0
-300.0
-300.0
-300.0
-300.0
-300.0
-300.0
-300.0
-300.0
-300.0
-300.0
-300.0
-300.0
-300.0
-300.0
-300.0
-300.0
-300.0
-300.0
-300.0
-300.0
-300.0
-300.0
-300.0
-300.0
-300.0
-300.0
-300.0
-300.0
-300.0
-300.0
-300.0
-300.0
-300.0
-300.0
-300.0
-300.0
-300.0
-300.0
-300.0
-300.0
-300.0
-300.0
-300.0
-300.0
-300.0
-300.0
-300.0
-300.0
-300.0
-300.0
-300.0
-300.0
-300.0
-300.0
-300.0
-300.0
-300.0
-300.0
-300.0
-300.0
-300.0
-300.0
-300.0
-300.0
-300.0
-300.0
-300.0
-300.0
-300.0
-300.0
-300.0
-300.0
-300.0
-300.0
-300.0
-300.0
-300.0
-300.0
-300.0
-300.0
-300.0
-300.0
-300.0
-300.0
-300.0
-300.0
-300.0
-300.0
-300.0
-300.0
-300.0
-300.0
-300.0
-300.0
-300.0
-300.0
-300.0
-300.0
-300.0
-300.0
-300.0
-300.0
-300.0
-300.0
-300.0
-300.0
-300.0
-300.0
-300.0
-300.0
-300.0
-300.0
-300.0
-300.0
-300.0
-300.0
-300.0
-300.0
-300.0
-300.0
-300.0
-300.0
-300.0
-300.0
-300.0
-300.0
-300.0
-300.0
-300.0
-300.0
-300.0
-300.0
-300.0
-300.0
-300.0
-300.0
-300.0
-300.0
-300.0
-300.0
-300.0
-300.0
-300.0
-800.0
-300.0
-300.0
-300.0
-300.0
-300.0
-300.0
-300.0
-300.0
-300.0
-300.0
-300.0
-300.0
-300.0
-300.0
-300.0
-300.0
-300.0
-300.0
-300.0
-300.0
-300.0
-300.0
-300.0
-300.0
-300.0
-300.0
-300.0
-300.0
-300.0
-300.0
-300.0
-300.0
-300.0
-300.0
-300.0
-300.0
-300.0
-300.0
-300.0
-300.0
-300.0
-300.0
-300.0
-300.0
-300.0
-300.0
-300.0
-300.0
-300.0
-300.0
-300.0
-300.0
-300.0
-300.0
-300.0
-300.0
-300.0
-300.0
-300.0
-300.0
-300.0
-300.0
-300.0
-300.0
-300.0
-300.0
-300.0
-300.0
-300.0
-300.0
-300.0
-300.0
-300.0
-300.0
-300.0
-300.0
-300.0
-300.0
-300.0
-300.0
-300.0
-300.0
-300.0
-300.0
-300.0
-300.0
-300.0
-300.0
-300.0
-300.0
-300.0
-300.0
-300.0
-300.0
-300.0
-300.0
-300.0
-300.0
-300.0
-300.0
-300.0
-300.0
-300.0
-300.0
-300.0
-300.0
-300.0
-300.0
-300.0
-300.0
-300.0
-300.0
-300.0
-300.0
-300.0
-300.0
-300.0
-300.0
-300.0
-300.0
-300.0
-300.0
-300.0
-300.0
-300.0
-300.0
-300.0
-300.0
-300.0
-300.0
-300.0
-300.0
-300.0
-300.0
-300.0
-300.0
-300.0
-300.0
-300.0
-300.0
-300.0
-300.0
-300.0
-300.0
-300.0
-300.0
-300.0
-300.0
-300.0
-300.0
-300.0
-300.0
-300.0
-300.0
-300.0
-300.0
-300.0
-300.0
-300.0
-300.0
-300.0
-300.0
-300.0
-300.0
-300.0
-300.0
-300.0
-300.0
-300.0
-300.0
-300.0
-300.0
-300.0
-300.0
-300.0
-300.0
-300.0
-300.0
-300.0
-300.0
-300.0
-300.0
-300.0
-300.0
-300.0
-300.0
-300.0
-300.0
-300.0
-300.0
-300.0
-300.0
-300.0
-800.0
-800.0
-800.0
-800.0
-800.0
-800.0
-800.0
-800.0
-800.0
-800.0
-800.0
-800.0
-800.0
-800.0
-800.0
-800.0
-800.0
-800.0
-800.0
-800.0
-800.0
-800.0
-800.0
-800.0
-800.0
-800.0
-800.0
-800.0
-800.0
-800.0
-800.0
-800.0
-800.0
-800.0
-800.0
-800.0
-800.0
-800.0
-800.0
-800.0
-800.0
-800.0
-800.0
-800.0
-800.0
-800.0
-800.0
-800.0
-800.0
-800.0
-800.0
-800.0
-800.0
-800.0
-800.0
-800.0
-800.0
-800.0
-800.0
-800.0
-800.0
-800.0
-800.0
-800.0
-800.0
-800.0
-800.0
-800.0
-800.0
-800.0
-800.0
-800.0
-800.0
-800.0
-800.0
-800.0
-800.0
-800.0
-800.0
-800.0
-800.0
-800.0
-800.0
-800.0
-800.0
-800.0
-800.0
-800.0
-800.0
-800.0
-800.0
-800.0
-800.0
-800.0
-800.0
-800.0
-800.0
-800.0
-800.0
-800.0
-800.0
-800.0
-800.0
-800.0
-800.0
-800.0
-800.0
-800.0
-800.0
-800.0
-800.0
-800.0
-800.0
-800.0
-800.0
-800.0
-800.0
-800.0
-800.0
-800.0
-800.0
-800.0
-800.0
-800.0
-800.0
-800.0
-800.0
-800.0
-800.0
-800.0
-800.0
-800.0
-800.0
-800.0
-800.0
-800.0
-800.0
-800.0
-800.0
-800.0
-800.0
-800.0
-800.0
-800.0
-800.0
-800.0
-800.0
-800.0
-800.0
-800.0
-800.0
-800.0
-800.0
-800.0
-800.0
-800.0
-800.0
-800.0
-800.0
-800.0
-800.0
-800.0
-800.0
-800.0
-800.0
-800.0
-800.0
-800.0
-800.0
-800.0
-800.0
-800.0
-800.0
-800.0
-800.0
-800.0
-800.0
-800.0
-800.0
-800.0
-800.0
-800.0
-800.0
-800.0
-800.0
-800.0
-800.0
-800.0
-800.0
-800.0
-800.0
-800.0
-800.0
-800.0
-800.0
-800.0
-800.0
-800.0
-800.0
-800.0
-800.0
-800.0
-800.0
-800.0
-800.0
-800.0
-800.0
-800.0
-800.0
-800.0
-800.0
-800.0
-800.0
-800.0
-800.0
-800.0
-800.0
-800.0
-800.0
-800.0
-800.0
-800.0
-800.0
-800.0
-800.0
-800.0
-800.0
-800.0
-800.0
-800.0
-800.0
-800.0
-800.0
-800.0
-800.0
-800.0
-800.0
-800.0
-800.0
-800.0
-800.0
-800.0
-800.0
-800.0
-800.0
-800.0
-800.0
-800.0
-800.0
-800.0
-800.0
-800.0
-800.0
-800.0
-800.0
-800.0
-800.0
-800.0
-800.0
-800.0
-800.0
-800.0
-800.0
-800.0
-800.0
-800.0
-800.0
-800.0
-800.0
-1300.0
-1300.0
-1300.0
-1300.0
-1300.0
-1300.0
-1300.0
-1300.0
-1300.0
-1300.0
-1300.0
-1300.0
-1300.0
-1300.0
-1300.0
-1300.0
-1300.0
-1300.0
-1300.0
-1300.0
-1300.0
-1300.0
-1300.0
-1300.0
-1300.0
-1300.0
-1300.0
-1300.0
-1300.0
-1300.0
-1300.0
-1300.0
-1300.0
-1300.0
-1300.0
-1300.0
-1300.0
-1300.0
-1300.0
-1300.0
-1300.0
-1300.0
-1300.0
-1300.0
-1300.0
-1300.0
-1300.0
-1300.0
-1300.0
-1300.0
-1300.0
-1300.0
-1300.0
-1300.0
-1300.0
-1300.0
-1300.0
-1300.0
-1300.0
-1300.0
-1300.0
-1300.0
-1300.0
-1300.0
-1300.0
-1300.0
-1300.0
-1300.0
-1300.0
-1300.0
-1300.0
-1300.0
-1300.0
-1300.0
-1300.0
-1300.0
-1300.0
-1300.0
-1300.0
-1300.0
-1300.0
-1300.0
-1300.0
-1300.0
-1300.0
-1300.0
-1300.0
-1300.0
-1300.0
-1300.0
-1300.0
-1300.0
-1300.0
-1300.0
-1300.0
-1300.0
-1300.0
-1300.0
-1300.0
-1300.0
-1300.0
-1300.0
-1300.0
-1300.0
-1300.0
-1300.0
-1300.0
-1300.0
-1300.0
-1300.0
-1300.0
-1300.0
-1300.0
-1300.0
-1300.0
-1300.0
-1300.0
-1300.0
-800.0
-1300.0
-1300.0
-1300.0
-1300.0
-1300.0
-1300.0
-1300.0
-1300.0
-1300.0
-1300.0
-1300.0
-1300.0
-1300.0
-1300.0
-1300.0
-1300.0
-1300.0
-1300.0
-1300.0
-1300.0
-1300.0
-1300.0
-1300.0
-1300.0
-1300.0
-1300.0
-1300.0
-1300.0
-1300.0
-1300.0
-1300.0
-1300.0
-1300.0
-1300.0
-1300.0
-1300.0
-1300.0
-1300.0
-1300.0
-1300.0
-1300.0
-1300.0
-1300.0
-1300.0
-1300.0
-1300.0
-1300.0
-1300.0
-1300.0
-1300.0
-1300.0
-1300.0
-1300.0
-1300.0
-1300.0
-1300.0
-1300.0
-1300.0
-1300.0
-1300.0
-1300.0
-1300.0
-1300.0
-1300.0
-1300.0
-1300.0
-1300.0
-1300.0
-1300.0
-1300.0
-1300.0
-1300.0
-1300.0
-1300.0
-1300.0
-1300.0
-1300.0
-1300.0
-1300.0
-1300.0
-1300.0
-1300.0
-1300.0
-1300.0
-1300.0
-1300.0
-1300.0
-1300.0
-1300.0
-1300.0
-1300.0
-1300.0
-1300.0
-1300.0
-1300.0
-1300.0
-1300.0
-1300.0
-1300.0
-1300.0
-1300.0
-1300.0
-1300.0
-1300.0
-1300.0
-1300.0
-1300.0
-1300.0
-1300.0
-1300.0
-1300.0
-1300.0
-1300.0
-1300.0
-1300.0
-1300.0
-1300.0
-1300.0
-1300.0
-1300.0
-1300.0
-1300.0
-1300.0
-1300.0
-1300.0
-1300.0
-1300.0
-1300.0
-1300.0
-1300.0
-1300.0
-1300.0
-1300.0
-1300.0
-1300.0
-1300.0
-1300.0
-1300.0
-1300.0
-1300.0
-1300.0
-1300.0
-1300.0
-1300.0
-1300.0
-1300.0
-1300.0
-1300.0
-1300.0
-1300.0
-1300.0
-1300.0
-1300.0
-1300.0
-1300.0
-1300.0
-1300.0
-1300.0
-1300.0
-1300.0
-1300.0
-1300.0
-1300.0
-1300.0
-1300.0
-1300.0
-1300.0
-1300.0
-1300.0
-1300.0
-1300.0
-1300.0
-1300.0
-1300.0
-1300.0
-1300.0
-1300.0
-1300.0
-1300.0
-1300.0
-1300.0
-1300.0
-1300.0
-1300.0
-1300.0
-1300.0
-1300.0
-1300.0
-1300.0
-1300.0
-1300.0
-1300.0
-1300.0
-1300.0
-1300.0
-1300.0
-1300.0
-1300.0
-1300.0
-1300.0
-1800.0
-1800.0
-1800.0
-1800.0
-1800.0
-1800.0
-1800.0
-1800.0
-1800.0
-1800.0
-1800.0
-1800.0
-1800.0
-1800.0
-1800.0
-1800.0
-1800.0
-1800.0
-1800.0
-1800.0
-1800.0
-1800.0
-1800.0
-1800.0
-1800.0
-1800.0
-1800.0
-1800.0
-1800.0
-1800.0
-1800.0
-1800.0
-1800.0
-1800.0
-1800.0
-1800.0
-1800.0
-1800.0
-1800.0
-1800.0
-1800.0
-1800.0
-1800.0
-1800.0
-1800.0
-1800.0
-1800.0
-1800.0
-1800.0
-1800.0
-1800.0
-1800.0
-1800.0
-1800.0
-1800.0
-1800.0
-1800.0
-1800.0
-1800.0
-1800.0
-1800.0
-1800.0
-1800.0
-1800.0
-1800.0
-1800.0
-1800.0
-1800.0
-1800.0
-1800.0
-1800.0
-1800.0
-1800.0
-1800.0
-1800.0
-1800.0
-1800.0
-1800.0
-1800.0
-1800.0
-1800.0
-1800.0
-1800.0
-1800.0
-1800.0
-1800.0
-1800.0
-1800.0
-1800.0
-1800.0
-1800.0
-1800.0
-1800.0
-1800.0
-1800.0
-1800.0
-1800.0
-1800.0
-1800.0
-1800.0
-1800.0
-1800.0
-1800.0
-1800.0
-1800.0
-1800.0
-1800.0
-1800.0
-1800.0
-1800.0
-1800.0
-1800.0
-1800.0
-1800.0
-1800.0
-1800.0
-1800.0
-1800.0
-1800.0
-1800.0
-1800.0
-1800.0
-1800.0
-1800.0
-1800.0
-1800.0
-1800.0
-1800.0
-1800.0
-1800.0
-1800.0
-1800.0
-1800.0
-1800.0
-1800.0
-1800.0
-1800.0
-1800.0
-1800.0
-1800.0
-1800.0
-1800.0
-1800.0
-1800.0
-1800.0
-1800.0
-1800.0
-1800.0
-1800.0
-1800.0
-1800.0
-1800.0
-1800.0
-1800.0
-1800.0
-1800.0
-1800.0
-1800.0
-1800.0
-1800.0
-1800.0
-1800.0
-1800.0
-1800.0
-1800.0
-1800.0
-1800.0
-1800.0
-1800.0
-1800.0
-1800.0
-1800.0
-1800.0
-1800.0
-1800.0
-1800.0
-1800.0
-1800.0
-1800.0
-1800.0
-1800.0
-1800.0
-1800.0
-800.0
-1800.0
-1800.0
-1800.0
-1800.0
-1800.0
-1800.0
-1800.0
-1800.0
-1800.0
-1800.0
-1800.0
-1800.0
-1800.0
-1800.0
-1800.0
-1800.0
-1800.0
-1800.0
-1800.0
-1800.0
-1800.0
-1800.0
-1800.0
-1800.0
-1800.0
-1800.0
-1800.0
-1800.0
-1800.0
-1800.0
-1800.0
-1800.0
-1800.0
-1800.0
-1800.0
-1800.0
-1800.0
-1800.0
-1800.0
-1800.0
-1800.0
-1800.0
-1800.0
-1800.0
-1800.0
-1800.0
-1800.0
-1800.0
-1800.0
-1800.0
-1800.0
-1800.0
-1800.0
-1800.0
-1800.0
-1800.0
-1800.0
-1800.0
-1800.0
-1800.0
-1800.0
-1800.0
-1800.0
-1800.0
-1800.0
-1800.0
-1800.0
-1800.0
-1800.0
-1800.0
-1800.0
-1800.0
-1800.0
-1800.0
-1800.0
-1800.0
-1800.0
-1800.0
-1800.0
-1800.0
-1800.0
-1800.0
-1800.0
-1800.0
-1800.0
-1800.0
-1800.0
-1800.0
-1800.0
-1800.0
-1800.0
-1800.0
-1800.0
-1800.0
-1800.0
-1800.0
-1800.0
-1800.0
-1800.0
-1800.0
-1800.0
-1800.0
-1800.0
-1800.0
-1800.0
-1800.0
-1800.0
-1800.0
-1800.0
-1800.0
-1800.0
-1800.0
-1800.0
-1800.0
-1800.0
-1800.0
-1800.0
-1800.0
-1800.0
-1800.0
-1800.0
-1800.0
-1800.0
-1800.0
-1800.0
-1800.0
-1800.0
-1800.0
-1800.0
-1800.0
-1800.0
-1800.0
-1800.0
-1800.0
-1800.0
-2300.0
-2300.0
-2300.0
-2300.0
-2300.0
-2300.0
-2300.0
-2300.0
-2300.0
-2300.0
-2300.0
-2300.0
-2300.0
-2300.0
-2300.0
-2300.0
-2300.0
-2300.0
-2300.0
-2300.0
-2300.0
-2300.0
-800.0
-800.0
200.0
-800.0
-800.0
200.0
]]></system-out>
  <system-err><![CDATA[]]></system-err>
</testsuite>
