<?xml version="1.0" encoding="UTF-8"?>
<testsuite name="WizardTD.Testmana" tests="4" skipped="0" failures="0" errors="0" timestamp="2023-12-01T12:41:48" hostname="DESKTOP-423AILK" time="0.004">
  <properties/>
  <testcase name="gainmana()" classname="WizardTD.Testmana" time="0.001"/>
  <testcase name="testmanaspell()" classname="WizardTD.Testmana" time="0.001"/>
  <testcase name="spendmana()" classname="WizardTD.Testmana" time="0.001"/>
  <testcase name="testlostgame()" classname="WizardTD.Testmana" time="0.001"/>
  <system-out><![CDATA[100.0
90.0
-9910.0
-10.0
-800.0
]]></system-out>
  <system-err><![CDATA[]]></system-err>
</testsuite>
